<?xml version="1.0" encoding="UTF-8"?>
<!-- Generated by org.testng.reporters.JUnitXMLReporter -->
<testsuite ignored="0" hostname="tot-dell-pc" failures="0" tests="10" name="Test" time="0.05" errors="0" timestamp="2022-10-31T11:54:47 CET">
  <testcase classname="test.Day1" name="Test1" time="0.005"/>
  <testcase classname="test.Day1" name="Test1a" time="0.0"/>
  <testcase classname="test.Day1" name="Test1b" time="0.001"/>
  <testcase classname="test.Day1" name="Test2" time="0.0"/>
  <testcase classname="test.Day1" name="Test2b" time="0.0"/>
  <testcase classname="test.Day1" name="Test2a" time="0.001"/>
  <testcase classname="test.Day2" name="Test3" time="0.0"/>
  <testcase classname="test.Day2" name="Test4" time="0.002"/>
  <testcase classname="test.Day3" name="Test5" time="0.001"/>
  <testcase classname="test.Day3" name="Test6" time="0.001"/>
</testsuite> <!-- Test -->
