<?xml version="1.0" encoding="UTF-8"?>
<!-- Generated by org.testng.reporters.JUnitXMLReporter -->
<testsuite ignored="0" hostname="tot-dell-pc" failures="0" tests="14" name="Default test" time="0.09" errors="0" timestamp="2022-11-04T21:13:49 CET">
  <testcase classname="test.Day1" name="APITest2b" time="0.006"/>
  <testcase classname="test.Day1" name="Test1" time="0.003"/>
  <testcase classname="test.Day1" name="Test1a" time="0.001"/>
  <testcase classname="test.Day1" name="Test1b" time="0.0"/>
  <testcase classname="test.Day1" name="Test2" time="0.0"/>
  <testcase classname="test.Day1" name="Test2a" time="0.002"/>
  <testcase classname="test.Day2" name="APITest4" time="0.001"/>
  <testcase classname="test.Day2" name="Test3" time="0.001"/>
  <testcase classname="test.Day3" name="APITest6" time="0.001"/>
  <testcase classname="test.Day3" name="Test5" time="0.001"/>
  <testcase classname="test.Day3" name="Test7" time="0.006"/>
  <testcase classname="test.Day3" name="Test7a" time="0.002"/>
  <testcase classname="test.Day3" name="Test7a" time="0.0"/>
  <testcase classname="test.Day3" name="Test7a" time="0.001"/>
</testsuite> <!-- Default test -->
