<?xml version="1.0" encoding="UTF-8"?>
<testng-results ignored="0" total="14" passed="14" failed="0" skipped="0">
  <reporter-output>
  </reporter-output>
  <suite started-at="2022-11-04T21:13:49 CET" name="Default suite" finished-at="2022-11-04T21:13:49 CET" duration-ms="90">
    <groups>
      <group name="Smoke">
        <method signature="Day1.Test1b()[pri:0, instance:test.Day1@78123e82]" name="Test1b" class="test.Day1"/>
        <method signature="Day2.APITest4()[pri:0, instance:test.Day2@4efc180e]" name="APITest4" class="test.Day2"/>
        <method signature="Day3.Test5()[pri:0, instance:test.Day3@bd4dc25]" name="Test5" class="test.Day3"/>
      </group> <!-- Smoke -->
    </groups>
    <test started-at="2022-11-04T21:13:49 CET" name="Default test" finished-at="2022-11-04T21:13:49 CET" duration-ms="90">
      <class name="test.Day1">
        <test-method is-config="true" signature="Prerequisite1()[pri:0, instance:test.Day1@78123e82]" started-at="2022-11-04T21:13:49 CET" name="Prerequisite1" finished-at="2022-11-04T21:13:49 CET" duration-ms="7" status="PASS">
          <reporter-output>
          </reporter-output>
        </test-method> <!-- Prerequisite1 -->
        <test-method is-config="true" signature="Prerequisite()[pri:0, instance:test.Day1@78123e82]" started-at="2022-11-04T21:13:49 CET" name="Prerequisite" finished-at="2022-11-04T21:13:49 CET" duration-ms="0" status="PASS">
          <reporter-output>
          </reporter-output>
        </test-method> <!-- Prerequisite -->
        <test-method is-config="true" signature="Prerequisite3()[pri:0, instance:test.Day1@78123e82]" started-at="2022-11-04T21:13:49 CET" name="Prerequisite3" finished-at="2022-11-04T21:13:49 CET" duration-ms="0" status="PASS">
          <reporter-output>
          </reporter-output>
        </test-method> <!-- Prerequisite3 -->
        <test-method is-config="true" signature="Prerequisite2()[pri:0, instance:test.Day1@78123e82]" started-at="2022-11-04T21:13:49 CET" name="Prerequisite2" finished-at="2022-11-04T21:13:49 CET" duration-ms="1" status="PASS">
          <reporter-output>
          </reporter-output>
        </test-method> <!-- Prerequisite2 -->
        <test-method signature="APITest2b()[pri:0, instance:test.Day1@78123e82]" started-at="2022-11-04T21:13:49 CET" name="APITest2b" finished-at="2022-11-04T21:13:49 CET" duration-ms="6" status="PASS">
          <reporter-output>
          </reporter-output>
        </test-method> <!-- APITest2b -->
        <test-method is-config="true" signature="Postrequisite2()[pri:0, instance:test.Day1@78123e82]" started-at="2022-11-04T21:13:49 CET" name="Postrequisite2" finished-at="2022-11-04T21:13:49 CET" duration-ms="2" status="PASS">
          <reporter-output>
          </reporter-output>
        </test-method> <!-- Postrequisite2 -->
        <test-method is-config="true" signature="Prerequisite2()[pri:0, instance:test.Day1@78123e82]" started-at="2022-11-04T21:13:49 CET" name="Prerequisite2" finished-at="2022-11-04T21:13:49 CET" duration-ms="0" status="PASS">
          <reporter-output>
          </reporter-output>
        </test-method> <!-- Prerequisite2 -->
        <test-method signature="Test1()[pri:0, instance:test.Day1@78123e82]" started-at="2022-11-04T21:13:49 CET" name="Test1" finished-at="2022-11-04T21:13:49 CET" duration-ms="3" status="PASS">
          <reporter-output>
          </reporter-output>
        </test-method> <!-- Test1 -->
        <test-method is-config="true" signature="Postrequisite2()[pri:0, instance:test.Day1@78123e82]" started-at="2022-11-04T21:13:49 CET" name="Postrequisite2" finished-at="2022-11-04T21:13:49 CET" duration-ms="0" status="PASS">
          <reporter-output>
          </reporter-output>
        </test-method> <!-- Postrequisite2 -->
        <test-method is-config="true" signature="Prerequisite2()[pri:0, instance:test.Day1@78123e82]" started-at="2022-11-04T21:13:49 CET" name="Prerequisite2" finished-at="2022-11-04T21:13:49 CET" duration-ms="0" status="PASS">
          <reporter-output>
          </reporter-output>
        </test-method> <!-- Prerequisite2 -->
        <test-method signature="Test1a()[pri:0, instance:test.Day1@78123e82]" started-at="2022-11-04T21:13:49 CET" name="Test1a" finished-at="2022-11-04T21:13:49 CET" duration-ms="1" status="PASS">
          <reporter-output>
          </reporter-output>
        </test-method> <!-- Test1a -->
        <test-method is-config="true" signature="Prerequisite2()[pri:0, instance:test.Day1@78123e82]" started-at="2022-11-04T21:13:49 CET" name="Prerequisite2" finished-at="2022-11-04T21:13:49 CET" duration-ms="0" status="PASS">
          <reporter-output>
          </reporter-output>
        </test-method> <!-- Prerequisite2 -->
        <test-method is-config="true" signature="Postrequisite2()[pri:0, instance:test.Day1@78123e82]" started-at="2022-11-04T21:13:49 CET" name="Postrequisite2" finished-at="2022-11-04T21:13:49 CET" duration-ms="0" status="PASS">
          <reporter-output>
          </reporter-output>
        </test-method> <!-- Postrequisite2 -->
        <test-method signature="Test1b()[pri:0, instance:test.Day1@78123e82]" started-at="2022-11-04T21:13:49 CET" name="Test1b" finished-at="2022-11-04T21:13:49 CET" duration-ms="0" status="PASS">
          <reporter-output>
          </reporter-output>
        </test-method> <!-- Test1b -->
        <test-method is-config="true" signature="Postrequisite2()[pri:0, instance:test.Day1@78123e82]" started-at="2022-11-04T21:13:49 CET" name="Postrequisite2" finished-at="2022-11-04T21:13:49 CET" duration-ms="0" status="PASS">
          <reporter-output>
          </reporter-output>
        </test-method> <!-- Postrequisite2 -->
        <test-method is-config="true" signature="Prerequisite2()[pri:0, instance:test.Day1@78123e82]" started-at="2022-11-04T21:13:49 CET" name="Prerequisite2" finished-at="2022-11-04T21:13:49 CET" duration-ms="1" status="PASS">
          <reporter-output>
          </reporter-output>
        </test-method> <!-- Prerequisite2 -->
        <test-method signature="Test2()[pri:0, instance:test.Day1@78123e82]" started-at="2022-11-04T21:13:49 CET" name="Test2" finished-at="2022-11-04T21:13:49 CET" duration-ms="0" status="PASS">
          <reporter-output>
          </reporter-output>
        </test-method> <!-- Test2 -->
        <test-method is-config="true" signature="Postrequisite2()[pri:0, instance:test.Day1@78123e82]" started-at="2022-11-04T21:13:49 CET" name="Postrequisite2" finished-at="2022-11-04T21:13:49 CET" duration-ms="0" status="PASS">
          <reporter-output>
          </reporter-output>
        </test-method> <!-- Postrequisite2 -->
        <test-method signature="Test2a()[pri:0, instance:test.Day1@78123e82]" started-at="2022-11-04T21:13:49 CET" name="Test2a" finished-at="2022-11-04T21:13:49 CET" depends-on-methods="test.Day1.Test1" duration-ms="2" status="PASS">
          <reporter-output>
          </reporter-output>
        </test-method> <!-- Test2a -->
        <test-method is-config="true" signature="Prerequisite2()[pri:0, instance:test.Day1@78123e82]" started-at="2022-11-04T21:13:49 CET" name="Prerequisite2" finished-at="2022-11-04T21:13:49 CET" duration-ms="0" status="PASS">
          <reporter-output>
          </reporter-output>
        </test-method> <!-- Prerequisite2 -->
        <test-method is-config="true" signature="Postrequisite2()[pri:0, instance:test.Day1@78123e82]" started-at="2022-11-04T21:13:49 CET" name="Postrequisite2" finished-at="2022-11-04T21:13:49 CET" duration-ms="0" status="PASS">
          <reporter-output>
          </reporter-output>
        </test-method> <!-- Postrequisite2 -->
        <test-method is-config="true" signature="Postrequisite3()[pri:0, instance:test.Day1@78123e82]" started-at="2022-11-04T21:13:49 CET" name="Postrequisite3" finished-at="2022-11-04T21:13:49 CET" duration-ms="0" status="PASS">
          <reporter-output>
          </reporter-output>
        </test-method> <!-- Postrequisite3 -->
        <test-method is-config="true" signature="Postrequisite()[pri:0, instance:test.Day1@78123e82]" started-at="2022-11-04T21:13:49 CET" name="Postrequisite" finished-at="2022-11-04T21:13:49 CET" duration-ms="0" status="PASS">
          <reporter-output>
          </reporter-output>
        </test-method> <!-- Postrequisite -->
        <test-method is-config="true" signature="Postrequisite1()[pri:0, instance:test.Day1@78123e82]" started-at="2022-11-04T21:13:49 CET" name="Postrequisite1" finished-at="2022-11-04T21:13:49 CET" duration-ms="0" status="PASS">
          <reporter-output>
          </reporter-output>
        </test-method> <!-- Postrequisite1 -->
      </class> <!-- test.Day1 -->
      <class name="test.Day2">
        <test-method signature="APITest4()[pri:0, instance:test.Day2@4efc180e]" started-at="2022-11-04T21:13:49 CET" name="APITest4" finished-at="2022-11-04T21:13:49 CET" duration-ms="1" status="PASS">
          <reporter-output>
          </reporter-output>
        </test-method> <!-- APITest4 -->
        <test-method signature="Test3()[pri:0, instance:test.Day2@4efc180e]" started-at="2022-11-04T21:13:49 CET" name="Test3" finished-at="2022-11-04T21:13:49 CET" duration-ms="1" status="PASS">
          <reporter-output>
          </reporter-output>
        </test-method> <!-- Test3 -->
      </class> <!-- test.Day2 -->
      <class name="test.Day3">
        <test-method signature="APITest6()[pri:0, instance:test.Day3@bd4dc25]" started-at="2022-11-04T21:13:49 CET" name="APITest6" finished-at="2022-11-04T21:13:49 CET" duration-ms="1" status="PASS">
          <reporter-output>
          </reporter-output>
        </test-method> <!-- APITest6 -->
        <test-method signature="Test5()[pri:0, instance:test.Day3@bd4dc25]" started-at="2022-11-04T21:13:49 CET" name="Test5" finished-at="2022-11-04T21:13:49 CET" duration-ms="1" status="PASS">
          <reporter-output>
          </reporter-output>
        </test-method> <!-- Test5 -->
        <test-method signature="Test7()[pri:0, instance:test.Day3@bd4dc25]" started-at="2022-11-04T21:13:49 CET" name="Test7" finished-at="2022-11-04T21:13:49 CET" duration-ms="6" status="PASS">
          <reporter-output>
          </reporter-output>
        </test-method> <!-- Test7 -->
        <test-method signature="Test7a(java.lang.String,java.lang.String)[pri:0, instance:test.Day3@bd4dc25]" started-at="2022-11-04T21:13:49 CET" name="Test7a" data-provider="getData" finished-at="2022-11-04T21:13:49 CET" duration-ms="2" status="PASS">
          <params>
            <param index="0">
              <value>
                <![CDATA[firstUserName]]>
              </value>
            </param>
            <param index="1">
              <value>
                <![CDATA[firstPassword]]>
              </value>
            </param>
          </params>
          <reporter-output>
          </reporter-output>
        </test-method> <!-- Test7a -->
        <test-method signature="Test7a(java.lang.String,java.lang.String)[pri:0, instance:test.Day3@bd4dc25]" started-at="2022-11-04T21:13:49 CET" name="Test7a" data-provider="getData" finished-at="2022-11-04T21:13:49 CET" duration-ms="0" status="PASS">
          <params>
            <param index="0">
              <value>
                <![CDATA[secondUserName]]>
              </value>
            </param>
            <param index="1">
              <value>
                <![CDATA[secondPassword]]>
              </value>
            </param>
          </params>
          <reporter-output>
          </reporter-output>
        </test-method> <!-- Test7a -->
        <test-method signature="Test7a(java.lang.String,java.lang.String)[pri:0, instance:test.Day3@bd4dc25]" started-at="2022-11-04T21:13:49 CET" name="Test7a" data-provider="getData" finished-at="2022-11-04T21:13:49 CET" duration-ms="1" status="PASS">
          <params>
            <param index="0">
              <value>
                <![CDATA[thirdUserName]]>
              </value>
            </param>
            <param index="1">
              <value>
                <![CDATA[thirdpassword]]>
              </value>
            </param>
          </params>
          <reporter-output>
          </reporter-output>
        </test-method> <!-- Test7a -->
      </class> <!-- test.Day3 -->
    </test> <!-- Default test -->
  </suite> <!-- Default suite -->
</testng-results>
